<?xml version="1.0" encoding="UTF-8"?>
<!-- Generated by org.testng.reporters.JUnitXMLReporter -->
<testsuite hostname="LT062360" name="importexport" tests="7" failures="0" timestamp="25 Feb 2019 09:47:59 GMT" time="47.864" errors="0">
  <testcase name="AgencyImport" time="3.89" classname="test.ImportExportTest"/>
  <testcase name="AssetImport" time="2.991" classname="test.ImportExportTest"/>
  <testcase name="LocationImport" time="3.167" classname="test.ImportExportTest"/>
  <testcase name="AssetLocalization" time="3.314" classname="test.ImportExportTest"/>
  <testcase name="Assetperdus" time="22.119" classname="test.ImportExportTest"/>
  <testcase name="ListInventoriesDetails" time="9.364" classname="test.ImportExportTest"/>
  <testcase name="ListInventorieStatus" time="3.013" classname="test.ImportExportTest"/>
</testsuite> <!-- importexport -->
