<?xml version="1.0" encoding="UTF-8"?>
<!-- Generated by org.testng.reporters.JUnitXMLReporter -->
<testsuite hostname="LT062360" name="Inventory" tests="9" failures="0" timestamp="25 Feb 2019 09:46:46 GMT" time="60.181" errors="0">
  <testcase name="CreateLocation" time="5.515" classname="test.InventoryTest"/>
  <testcase name="SearchLocation" time="2.442" classname="test.InventoryTest"/>
  <testcase name="ModifyLocation" time="2.226" classname="test.InventoryTest"/>
  <testcase name="CreateInventoryButton" time="4.859" classname="test.InventoryTest"/>
  <testcase name="Addmaterialbutton" time="2.992" classname="test.InventoryTest"/>
  <testcase name="PrinterMaterial" time="5.698" classname="test.InventoryTest"/>
  <testcase name="ComputerMaterial" time="6.022" classname="test.InventoryTest"/>
  <testcase name="TempSaveInventory" time="27.126" classname="test.InventoryTest"/>
  <testcase name="CloseInventory" time="3.289" classname="test.InventoryTest"/>
</testsuite> <!-- Inventory -->
